<?xml version="1.0" encoding="UTF-8"?>
<testsuite name="com.dio.project2.Project2ApplicationTests" tests="1" skipped="0" failures="0" errors="0" timestamp="2021-08-26T01:10:11" hostname="LAPTOP-DLDR29IU" time="0.203">
  <properties/>
  <testcase name="contextLoads()" classname="com.dio.project2.Project2ApplicationTests" time="0.203"/>
  <system-out><![CDATA[22:10:05.863 [Test worker] DEBUG org.springframework.test.context.BootstrapUtils - Instantiating CacheAwareContextLoaderDelegate from class [org.springframework.test.context.cache.DefaultCacheAwareContextLoaderDelegate]
22:10:05.887 [Test worker] DEBUG org.springframework.test.context.BootstrapUtils - Instantiating BootstrapContext using constructor [public org.springframework.test.context.support.DefaultBootstrapContext(java.lang.Class,org.springframework.test.context.CacheAwareContextLoaderDelegate)]
22:10:05.965 [Test worker] DEBUG org.springframework.test.context.BootstrapUtils - Instantiating TestContextBootstrapper for test class [com.dio.project2.Project2ApplicationTests] from class [org.springframework.boot.test.context.SpringBootTestContextBootstrapper]
22:10:05.990 [Test worker] INFO org.springframework.boot.test.context.SpringBootTestContextBootstrapper - Neither @ContextConfiguration nor @ContextHierarchy found for test class [com.dio.project2.Project2ApplicationTests], using SpringBootContextLoader
22:10:06.002 [Test worker] DEBUG org.springframework.test.context.support.AbstractContextLoader - Did not detect default resource location for test class [com.dio.project2.Project2ApplicationTests]: class path resource [com/dio/project2/Project2ApplicationTests-context.xml] does not exist
22:10:06.003 [Test worker] DEBUG org.springframework.test.context.support.AbstractContextLoader - Did not detect default resource location for test class [com.dio.project2.Project2ApplicationTests]: class path resource [com/dio/project2/Project2ApplicationTestsContext.groovy] does not exist
22:10:06.005 [Test worker] INFO org.springframework.test.context.support.AbstractContextLoader - Could not detect default resource locations for test class [com.dio.project2.Project2ApplicationTests]: no resource found for suffixes {-context.xml, Context.groovy}.
22:10:06.007 [Test worker] INFO org.springframework.test.context.support.AnnotationConfigContextLoaderUtils - Could not detect default configuration classes for test class [com.dio.project2.Project2ApplicationTests]: Project2ApplicationTests does not declare any static, non-private, non-final, nested classes annotated with @Configuration.
22:10:06.083 [Test worker] DEBUG org.springframework.test.context.support.ActiveProfilesUtils - Could not find an 'annotation declaring class' for annotation type [org.springframework.test.context.ActiveProfiles] and class [com.dio.project2.Project2ApplicationTests]
22:10:06.193 [Test worker] DEBUG org.springframework.context.annotation.ClassPathScanningCandidateComponentProvider - Identified candidate component class: file [C:\Users\danie\Programming Projects\project2\build\classes\java\main\com\dio\project2\Project2Application.class]
22:10:06.195 [Test worker] INFO org.springframework.boot.test.context.SpringBootTestContextBootstrapper - Found @SpringBootConfiguration com.dio.project2.Project2Application for test class com.dio.project2.Project2ApplicationTests
22:10:06.367 [Test worker] DEBUG org.springframework.boot.test.context.SpringBootTestContextBootstrapper - @TestExecutionListeners is not present for class [com.dio.project2.Project2ApplicationTests]: using defaults.
22:10:06.368 [Test worker] INFO org.springframework.boot.test.context.SpringBootTestContextBootstrapper - Loaded default TestExecutionListener class names from location [META-INF/spring.factories]: [org.springframework.boot.test.autoconfigure.restdocs.RestDocsTestExecutionListener, org.springframework.boot.test.autoconfigure.web.client.MockRestServiceServerResetTestExecutionListener, org.springframework.boot.test.autoconfigure.web.servlet.MockMvcPrintOnlyOnFailureTestExecutionListener, org.springframework.boot.test.autoconfigure.web.servlet.WebDriverTestExecutionListener, org.springframework.boot.test.autoconfigure.webservices.client.MockWebServiceServerTestExecutionListener, org.springframework.boot.test.mock.mockito.MockitoTestExecutionListener, org.springframework.boot.test.mock.mockito.ResetMocksTestExecutionListener, org.springframework.test.context.web.ServletTestExecutionListener, org.springframework.test.context.support.DirtiesContextBeforeModesTestExecutionListener, org.springframework.test.context.event.ApplicationEventsTestExecutionListener, org.springframework.test.context.support.DependencyInjectionTestExecutionListener, org.springframework.test.context.support.DirtiesContextTestExecutionListener, org.springframework.test.context.transaction.TransactionalTestExecutionListener, org.springframework.test.context.jdbc.SqlScriptsTestExecutionListener, org.springframework.test.context.event.EventPublishingTestExecutionListener]
22:10:06.411 [Test worker] INFO org.springframework.boot.test.context.SpringBootTestContextBootstrapper - Using TestExecutionListeners: [org.springframework.test.context.web.ServletTestExecutionListener@21e0ddcc, org.springframework.test.context.support.DirtiesContextBeforeModesTestExecutionListener@10e9055f, org.springframework.test.context.event.ApplicationEventsTestExecutionListener@d35a363, org.springframework.boot.test.mock.mockito.MockitoTestExecutionListener@4720ddd3, org.springframework.boot.test.autoconfigure.SpringBootDependencyInjectionTestExecutionListener@60896646, org.springframework.test.context.support.DirtiesContextTestExecutionListener@381244f5, org.springframework.test.context.transaction.TransactionalTestExecutionListener@181cc62f, org.springframework.test.context.jdbc.SqlScriptsTestExecutionListener@59935eba, org.springframework.test.context.event.EventPublishingTestExecutionListener@7283a898, org.springframework.boot.test.autoconfigure.restdocs.RestDocsTestExecutionListener@589c7fd1, org.springframework.boot.test.autoconfigure.web.client.MockRestServiceServerResetTestExecutionListener@26cfe753, org.springframework.boot.test.autoconfigure.web.servlet.MockMvcPrintOnlyOnFailureTestExecutionListener@65ea0bbe, org.springframework.boot.test.autoconfigure.web.servlet.WebDriverTestExecutionListener@a42a8f3, org.springframework.boot.test.autoconfigure.webservices.client.MockWebServiceServerTestExecutionListener@319b3c9d, org.springframework.boot.test.mock.mockito.ResetMocksTestExecutionListener@6837a082]
22:10:06.418 [Test worker] DEBUG org.springframework.test.context.support.AbstractDirtiesContextTestExecutionListener - Before test class: context [DefaultTestContext@6d2ad4c6 testClass = Project2ApplicationTests, testInstance = [null], testMethod = [null], testException = [null], mergedContextConfiguration = [WebMergedContextConfiguration@74468f51 testClass = Project2ApplicationTests, locations = '{}', classes = '{class com.dio.project2.Project2Application}', contextInitializerClasses = '[]', activeProfiles = '{}', propertySourceLocations = '{}', propertySourceProperties = '{org.springframework.boot.test.context.SpringBootTestContextBootstrapper=true}', contextCustomizers = set[org.springframework.boot.test.autoconfigure.actuate.metrics.MetricsExportContextCustomizerFactory$DisableMetricExportContextCustomizer@5c911564, org.springframework.boot.test.autoconfigure.properties.PropertyMappingContextCustomizer@0, org.springframework.boot.test.autoconfigure.web.servlet.WebDriverContextCustomizerFactory$Customizer@338e9e70, org.springframework.boot.test.context.filter.ExcludeFilterContextCustomizer@443e1281, org.springframework.boot.test.json.DuplicateJsonObjectContextCustomizerFactory$DuplicateJsonObjectContextCustomizer@c6546f6, org.springframework.boot.test.mock.mockito.MockitoContextCustomizer@0, org.springframework.boot.test.web.client.TestRestTemplateContextCustomizer@3172c344, org.springframework.boot.test.context.SpringBootTestArgs@1, org.springframework.boot.test.context.SpringBootTestWebEnvironment@2b863485], resourceBasePath = 'src/main/webapp', contextLoader = 'org.springframework.boot.test.context.SpringBootContextLoader', parent = [null]], attributes = map['org.springframework.test.context.web.ServletTestExecutionListener.activateListener' -> true]], class annotated with @DirtiesContext [false] with mode [null].
22:10:06.469 [Test worker] DEBUG org.springframework.test.context.support.TestPropertySourceUtils - Adding inlined properties to environment: {spring.jmx.enabled=false, org.springframework.boot.test.context.SpringBootTestContextBootstrapper=true}

  .   ____          _            __ _ _
 /\\ / ___'_ __ _ _(_)_ __  __ _ \ \ \ \
( ( )\___ | '_ | '_| | '_ \/ _` | \ \ \ \
 \\/  ___)| |_)| | | | | || (_| |  ) ) ) )
  '  |____| .__|_| |_|_| |_\__, | / / / /
 =========|_|==============|___/=/_/_/_/
 :: Spring Boot ::                (v2.5.4)

2021-08-25 22:10:06.841  INFO 30556 --- [    Test worker] c.dio.project2.Project2ApplicationTests  : Starting Project2ApplicationTests using Java 11.0.11 on LAPTOP-DLDR29IU with PID 30556 (started by danie in C:\Users\danie\Programming Projects\project2)
2021-08-25 22:10:06.847  INFO 30556 --- [    Test worker] c.dio.project2.Project2ApplicationTests  : No active profile set, falling back to default profiles: default
2021-08-25 22:10:07.775  INFO 30556 --- [    Test worker] .s.d.r.c.RepositoryConfigurationDelegate : Bootstrapping Spring Data JPA repositories in DEFAULT mode.
2021-08-25 22:10:07.843  INFO 30556 --- [    Test worker] .s.d.r.c.RepositoryConfigurationDelegate : Finished Spring Data repository scanning in 59 ms. Found 1 JPA repository interfaces.
2021-08-25 22:10:08.525  INFO 30556 --- [    Test worker] com.zaxxer.hikari.HikariDataSource       : HikariPool-1 - Starting...
2021-08-25 22:10:08.738  INFO 30556 --- [    Test worker] com.zaxxer.hikari.HikariDataSource       : HikariPool-1 - Start completed.
2021-08-25 22:10:08.823  INFO 30556 --- [    Test worker] o.hibernate.jpa.internal.util.LogHelper  : HHH000204: Processing PersistenceUnitInfo [name: default]
2021-08-25 22:10:08.893  INFO 30556 --- [    Test worker] org.hibernate.Version                    : HHH000412: Hibernate ORM core version 5.4.32.Final
2021-08-25 22:10:09.071  INFO 30556 --- [    Test worker] o.hibernate.annotations.common.Version   : HCANN000001: Hibernate Commons Annotations {5.1.2.Final}
2021-08-25 22:10:09.269  INFO 30556 --- [    Test worker] org.hibernate.dialect.Dialect            : HHH000400: Using dialect: org.hibernate.dialect.H2Dialect
2021-08-25 22:10:10.103  INFO 30556 --- [    Test worker] o.h.e.t.j.p.i.JtaPlatformInitiator       : HHH000490: Using JtaPlatform implementation: [org.hibernate.engine.transaction.jta.platform.internal.NoJtaPlatform]
2021-08-25 22:10:10.113  INFO 30556 --- [    Test worker] j.LocalContainerEntityManagerFactoryBean : Initialized JPA EntityManagerFactory for persistence unit 'default'
2021-08-25 22:10:10.778  WARN 30556 --- [    Test worker] JpaBaseConfiguration$JpaWebConfiguration : spring.jpa.open-in-view is enabled by default. Therefore, database queries may be performed during view rendering. Explicitly configure spring.jpa.open-in-view to disable this warning
2021-08-25 22:10:11.689  INFO 30556 --- [    Test worker] c.dio.project2.Project2ApplicationTests  : Started Project2ApplicationTests in 5.209 seconds (JVM running for 7.194)
]]></system-out>
  <system-err><![CDATA[]]></system-err>
</testsuite>
